<?xml version="1.0" encoding="UTF-8"?>
<testng-results ignored="1" total="2" passed="1" failed="0" skipped="0">
  <reporter-output>
  </reporter-output>
  <suite started-at="2020-01-11T08:20:59Z" name="Default suite" finished-at="2020-01-11T08:21:12Z" duration-ms="12949">
    <groups>
    </groups>
    <test started-at="2020-01-11T08:20:59Z" name="Default test" finished-at="2020-01-11T08:21:12Z" duration-ms="12949">
      <class name="Testcases.Test1">
        <test-method is-config="true" signature="setup()[pri:0, instance:Testcases.Test1@5ef60048]" started-at="2020-01-11T13:50:59Z" name="setup" finished-at="2020-01-11T13:51:09Z" duration-ms="10459" status="PASS">
          <reporter-output>
          </reporter-output>
        </test-method> <!-- setup -->
        <test-method signature="checkExcel()[pri:0, instance:Testcases.Test1@5ef60048]" started-at="2020-01-11T13:51:09Z" name="checkExcel" finished-at="2020-01-11T13:51:11Z" duration-ms="1476" status="PASS">
          <reporter-output>
          </reporter-output>
        </test-method> <!-- checkExcel -->
        <test-method is-config="true" signature="teardown()[pri:0, instance:Testcases.Test1@5ef60048]" started-at="2020-01-11T13:51:11Z" name="teardown" finished-at="2020-01-11T13:51:12Z" duration-ms="978" status="PASS">
          <reporter-output>
          </reporter-output>
        </test-method> <!-- teardown -->
      </class> <!-- Testcases.Test1 -->
    </test> <!-- Default test -->
  </suite> <!-- Default suite -->
</testng-results>
