<?xml version="1.0" encoding="UTF-8"?>
<!-- Generated by org.testng.reporters.JUnitXMLReporter -->
<testsuite ignored="0" hostname="INENAPOORAL2C" failures="0" tests="4" name="Default test" time="0.048" errors="0" timestamp="18 Dec 2019 05:05:32 GMT">
  <testcase classname="Testng.Sample" name="login2" time="0.012"/>
  <testcase classname="Testng.Sample" name="login4" time="0.001"/>
  <testcase classname="Testng.Sample" name="login3" time="0.001"/>
  <testcase classname="Testng.Sample" name="login1" time="0.002"/>
</testsuite> <!-- Default test -->
