<?xml version="1.0" encoding="UTF-8"?>
<testng-results ignored="2" total="8" passed="6" failed="0" skipped="0">
  <reporter-output>
  </reporter-output>
  <suite started-at="2020-01-12T17:14:09Z" name="Suite" finished-at="2020-01-12T17:14:10Z" duration-ms="103">
    <groups>
      <group name="def">
        <method signature="Groups.test3()[pri:0, instance:Testng.Groups@2c34f934]" name="test3" class="Testng.Groups"/>
        <method signature="Groups.test4()[pri:0, instance:Testng.Groups@2c34f934]" name="test4" class="Testng.Groups"/>
      </group> <!-- def -->
      <group name="xyz">
        <method signature="Groups.test5()[pri:0, instance:Testng.Groups@2c34f934]" name="test5" class="Testng.Groups"/>
        <method signature="Groups.test6()[pri:0, instance:Testng.Groups@2c34f934]" name="test6" class="Testng.Groups"/>
      </group> <!-- xyz -->
    </groups>
    <test started-at="2020-01-12T17:14:09Z" name="Test" finished-at="2020-01-12T17:14:10Z" duration-ms="103">
      <class name="Testng.Groups">
        <test-method signature="test3()[pri:0, instance:Testng.Groups@2c34f934]" started-at="2020-01-12T17:14:09Z" name="test3" finished-at="2020-01-12T17:14:09Z" duration-ms="21" status="PASS">
          <reporter-output>
          </reporter-output>
        </test-method> <!-- test3 -->
        <test-method signature="test4()[pri:0, instance:Testng.Groups@2c34f934]" started-at="2020-01-12T17:14:09Z" name="test4" finished-at="2020-01-12T17:14:09Z" duration-ms="2" status="PASS">
          <reporter-output>
          </reporter-output>
        </test-method> <!-- test4 -->
        <test-method signature="test5()[pri:0, instance:Testng.Groups@2c34f934]" started-at="2020-01-12T17:14:10Z" name="test5" finished-at="2020-01-12T17:14:10Z" duration-ms="3" status="PASS">
          <reporter-output>
          </reporter-output>
        </test-method> <!-- test5 -->
        <test-method signature="test6()[pri:0, instance:Testng.Groups@2c34f934]" started-at="2020-01-12T17:14:10Z" name="test6" finished-at="2020-01-12T17:14:10Z" duration-ms="3" status="PASS">
          <reporter-output>
          </reporter-output>
        </test-method> <!-- test6 -->
        <test-method signature="test7()[pri:0, instance:Testng.Groups@2c34f934]" started-at="2020-01-12T17:14:10Z" name="test7" finished-at="2020-01-12T17:14:10Z" duration-ms="5" status="PASS">
          <reporter-output>
          </reporter-output>
        </test-method> <!-- test7 -->
        <test-method signature="test8()[pri:0, instance:Testng.Groups@2c34f934]" started-at="2020-01-12T17:14:10Z" name="test8" finished-at="2020-01-12T17:14:10Z" duration-ms="3" status="PASS">
          <reporter-output>
          </reporter-output>
        </test-method> <!-- test8 -->
      </class> <!-- Testng.Groups -->
    </test> <!-- Test -->
  </suite> <!-- Suite -->
</testng-results>
