<?xml version="1.0" encoding="UTF-8"?>
<!-- Generated by org.testng.reporters.JUnitXMLReporter -->
<testsuite ignored="0" hostname="INENAPOORAL2C" failures="0" tests="3" name="GRID TEST WITH SERIAL EXECTION WITH BROWSER IE" time="22.548" errors="0" timestamp="15 Dec 2019 15:44:07 GMT">
  <testcase classname="Grid.Chrome_Grid" name="test1" time="2.428"/>
  <testcase classname="Grid.Chrome_Grid" name="test2" time="5.972"/>
  <testcase classname="Grid.Chrome_Grid" name="test3" time="4.017"/>
</testsuite> <!-- GRID TEST WITH SERIAL EXECTION WITH BROWSER IE -->
