<?xml version="1.0" encoding="UTF-8"?>
<!-- Generated by org.testng.reporters.JUnitXMLReporter -->
<testsuite ignored="0" hostname="INENAPOORAL2C" failures="0" tests="3" name="GRID TEST WITH SERIAL EXECTION WITH BROWSER FF" time="28.828" errors="0" timestamp="15 Dec 2019 15:41:29 GMT">
  <testcase classname="Grid.Chrome_Grid" name="test1" time="3.065"/>
  <testcase classname="Grid.Chrome_Grid" name="test2" time="8.893"/>
  <testcase classname="Grid.Chrome_Grid" name="test3" time="4.857"/>
</testsuite> <!-- GRID TEST WITH SERIAL EXECTION WITH BROWSER FF -->
