<?xml version="1.0" encoding="UTF-8"?>
<!-- Generated by org.testng.reporters.JUnitXMLReporter -->
<testsuite ignored="0" hostname="INENAPOORAL2C" failures="0" tests="4" name="Test1" time="0.079" errors="0" timestamp="24 Dec 2019 10:08:46 GMT">
  <testcase classname="Parameters.SecondClass" name="test3" time="0.015"/>
  <testcase classname="Parameters.SecondClass" name="test4" time="0.003"/>
  <testcase classname="Parameters.FirstClass" name="test1" time="0.002"/>
  <testcase classname="Parameters.FirstClass" name="test2" time="0.004"/>
</testsuite> <!-- Test1 -->
