<?xml version="1.0" encoding="UTF-8"?>
<!-- Generated by org.testng.reporters.JUnitXMLReporter -->
<testsuite ignored="2" hostname="INENAPOORAL2C" failures="0" tests="6" name="Test" time="0.103" errors="0" timestamp="12 Jan 2020 17:14:10 GMT">
  <testcase classname="Testng.Groups" name="test3" time="0.021"/>
  <testcase classname="Testng.Groups" name="test4" time="0.002"/>
  <testcase classname="Testng.Groups" name="test5" time="0.003"/>
  <testcase classname="Testng.Groups" name="test6" time="0.003"/>
  <testcase classname="Testng.Groups" name="test7" time="0.005"/>
  <testcase classname="Testng.Groups" name="test8" time="0.003"/>
  <testcase classname="Testng.Groups" name="test2" time="0.0">
    <ignored/>
  </testcase> <!-- test2 -->
  <testcase classname="Testng.Groups" name="test1" time="0.0">
    <ignored/>
  </testcase> <!-- test1 -->
</testsuite> <!-- Test -->
